c:\users\r010918o\documents\github\opengl\opengl\debug\vc143.pdb
c:\users\r010918o\documents\github\opengl\opengl\debug\vc143.idb
c:\users\r010918o\documents\github\opengl\opengl\debug\main.obj
c:\users\r010918o\documents\github\opengl\opengl\debug\cube.obj
c:\users\r010918o\documents\github\opengl\opengl\debug\hellogl.obj
c:\users\r010918o\documents\github\opengl\opengl\debug\glutcallbacks.obj
c:\users\r010918o\documents\github\opengl\opengl\debug\meshloader.obj
c:\users\r010918o\documents\github\opengl\opengl\debug\pyramid.obj
c:\users\r010918o\documents\github\opengl\opengl\debug\sceneobject.obj
c:\users\r010918o\documents\github\opengl\opengl\debug\texture2d.obj
c:\users\r010918o\documents\github\opengl\debug\opengl.exe
c:\users\r010918o\documents\github\opengl\debug\opengl.pdb
c:\users\r010918o\documents\github\opengl\opengl\debug\opengl.ilk
c:\users\r010918o\documents\github\opengl\opengl\debug\opengl.tlog\cl.command.1.tlog
c:\users\r010918o\documents\github\opengl\opengl\debug\opengl.tlog\cl.items.tlog
c:\users\r010918o\documents\github\opengl\opengl\debug\opengl.tlog\cl.read.1.tlog
c:\users\r010918o\documents\github\opengl\opengl\debug\opengl.tlog\cl.write.1.tlog
c:\users\r010918o\documents\github\opengl\opengl\debug\opengl.tlog\link.command.1.tlog
c:\users\r010918o\documents\github\opengl\opengl\debug\opengl.tlog\link.read.1.tlog
c:\users\r010918o\documents\github\opengl\opengl\debug\opengl.tlog\link.secondary.1.tlog
c:\users\r010918o\documents\github\opengl\opengl\debug\opengl.tlog\link.write.1.tlog
