  Cube.cpp
C:\Users\r010918o\Documents\GitHub\OpenGL\OpenGL\HelloGL.h(8,10): warning C4067: unexpected tokens following preprocessor directive - expected a newline
  (compiling source file 'Cube.cpp')
  
C:\Users\r010918o\Documents\GitHub\OpenGL\OpenGL\HelloGL.h(33,7): error C2143: syntax error: missing ';' before '*'
  (compiling source file 'Cube.cpp')
  
C:\Users\r010918o\Documents\GitHub\OpenGL\OpenGL\HelloGL.h(33,2): error C4430: missing type specifier - int assumed. Note: C++ does not support default-int
  (compiling source file 'Cube.cpp')
  
C:\Users\r010918o\Documents\GitHub\OpenGL\OpenGL\HelloGL.h(33,19): error C2238: unexpected token(s) preceding ';'
  (compiling source file 'Cube.cpp')
  
C:\Users\r010918o\Documents\GitHub\OpenGL\OpenGL\HelloGL.h(35,8): error C2143: syntax error: missing ';' before '*'
  (compiling source file 'Cube.cpp')
  
C:\Users\r010918o\Documents\GitHub\OpenGL\OpenGL\HelloGL.h(35,2): error C4430: missing type specifier - int assumed. Note: C++ does not support default-int
  (compiling source file 'Cube.cpp')
  
C:\Users\r010918o\Documents\GitHub\OpenGL\OpenGL\HelloGL.h(35,16): error C2238: unexpected token(s) preceding ';'
  (compiling source file 'Cube.cpp')
  
  MeshLoader.cpp
C:\Users\r010918o\Documents\GitHub\OpenGL\OpenGL\HelloGL.h(8,10): warning C4067: unexpected tokens following preprocessor directive - expected a newline
  (compiling source file 'MeshLoader.cpp')
  
C:\Users\r010918o\Documents\GitHub\OpenGL\OpenGL\Cube.h(14,6): error C2143: syntax error: missing ';' before '*'
  (compiling source file 'MeshLoader.cpp')
  
C:\Users\r010918o\Documents\GitHub\OpenGL\OpenGL\Cube.h(14,2): error C4430: missing type specifier - int assumed. Note: C++ does not support default-int
  (compiling source file 'MeshLoader.cpp')
  
C:\Users\r010918o\Documents\GitHub\OpenGL\OpenGL\Cube.h(14,13): error C2238: unexpected token(s) preceding ';'
  (compiling source file 'MeshLoader.cpp')
  
C:\Users\r010918o\Documents\GitHub\OpenGL\OpenGL\Cube.h(16,10): error C3646: '_position': unknown override specifier
  (compiling source file 'MeshLoader.cpp')
  
C:\Users\r010918o\Documents\GitHub\OpenGL\OpenGL\Cube.h(16,2): error C4430: missing type specifier - int assumed. Note: C++ does not support default-int
  (compiling source file 'MeshLoader.cpp')
  
C:\Users\r010918o\Documents\GitHub\OpenGL\OpenGL\Cube.h(19,7): error C2061: syntax error: identifier 'Mesh'
  (compiling source file 'MeshLoader.cpp')
  
C:\Users\r010918o\Documents\GitHub\OpenGL\OpenGL\HelloGL.h(35,8): error C2143: syntax error: missing ';' before '*'
  (compiling source file 'MeshLoader.cpp')
  
C:\Users\r010918o\Documents\GitHub\OpenGL\OpenGL\HelloGL.h(35,2): error C4430: missing type specifier - int assumed. Note: C++ does not support default-int
  (compiling source file 'MeshLoader.cpp')
  
C:\Users\r010918o\Documents\GitHub\OpenGL\OpenGL\HelloGL.h(35,16): error C2238: unexpected token(s) preceding ';'
  (compiling source file 'MeshLoader.cpp')
  
  Generating Code...
